[ 2023-05-31 20:39:51,415 ] 27 root - INFO - Data ingestion initiated
[ 2023-05-31 20:39:51,534 ] 33 root - INFO - CSV file read successfully
[ 2023-05-31 20:39:51,823 ] 38 root - INFO - Raw data saved successfully
[ 2023-05-31 20:39:52,149 ] 45 root - INFO - Train and test data saved successfully
[ 2023-05-31 20:39:52,282 ] 83 root - INFO - Read train and test data
[ 2023-05-31 20:39:52,282 ] 84 root - INFO - Train dataframe head : 
    Unnamed: 0  User  Card  Year  Month  Day   Time   Amount            Use Chip        Merchant Name Merchant City Merchant State      Zip   MCC Errors? Is Fraud?
0     8114314   688     1  2019      2    1  14:45    $9.64    Chip Transaction -8383926242937251416       Cordele             GA  31015.0  5912     NaN        No
1     5967135   503     2  2010      4   22  08:12  $116.73   Swipe Transaction -4051610135453927412     Southbury             CT   6488.0  5541     NaN        No
2      831365    59     0  2012      5    2  10:31  $120.36  Online Transaction   333722291367506728        ONLINE            NaN      NaN  4722     NaN        No
3    21091135  1722     2  2015      2    1  21:21   $99.00    Chip Transaction -5162038175624867091         Miami             FL  33134.0  5541     NaN        No
4    12503548  1028     0  2016      7   29  22:23   $56.86    Chip Transaction -3395538998277081094   Morgan City             LA  70380.0  5311     NaN        No
[ 2023-05-31 20:39:52,298 ] 85 root - INFO - Test dataframe head : 
    Unnamed: 0  User  Card  Year  Month  Day   Time  Amount            Use Chip        Merchant Name Merchant City Merchant State      Zip   MCC               Errors? Is Fraud?
0      276602    19     3  2014      5   19  10:28  $79.31   Swipe Transaction  4722913068560264812        Tucson             AZ  85711.0  5411  Insufficient Balance        No
1    16904515  1374     0  2015     11   27  20:45  $27.47    Chip Transaction -8813770914066993293       Phoenix             AZ  85083.0  7542                   NaN        No
2     6831681   574     0  2017      9   24  13:27  $36.91  Online Transaction -2088492411650162548        ONLINE            NaN      NaN  4784                   NaN        No
3    24304662  1992     0  2015      8   22  15:12  $10.84    Chip Transaction -3395538998277081094     Dos Palos             CA  93620.0  5311  Insufficient Balance        No
4     2399231   194     2  2015      8    5  19:59   $7.24   Swipe Transaction -3884338854018814812     Nashville             TN  37221.0  5921                   NaN        No
[ 2023-05-31 20:39:52,298 ] 87 root - INFO - Getting preprocessor object
[ 2023-05-31 20:39:52,298 ] 33 root - INFO - Data transformation initiated
[ 2023-05-31 20:39:52,635 ] 126 root - INFO - Applying preprocessor on train and test data completed
[ 2023-05-31 20:39:52,669 ] 133 root - INFO - Train transformed dataframe head : 
    Unnamed: 0    User  Card    Year  Month   Day  Amount  Merchant Name      Zip     MCC  Hour  Minutes  Merchant State_0  Merchant State_1  Merchant State_2  Merchant State_3  Merchant State_4  Merchant State_5  Merchant State_6  Use Chip_0  Use Chip_1  Merchant City_0  Merchant City_1  Merchant City_2  Merchant City_3  Merchant City_4  Merchant City_5  Merchant City_6  Merchant City_7  Merchant City_8  Merchant City_9  Merchant City_10  Merchant City_11  Errors?_0  Errors?_1  Errors?_2  Errors?_3
0   2160496.0   177.0   1.0  2012.0   11.0   7.0    1.18  -5.475681e+18  34771.0  5942.0   8.0     16.0               0.0               0.0               0.0               0.0               0.0               0.0               1.0         0.0         1.0              0.0              0.0              0.0              0.0              0.0              0.0              0.0              0.0              0.0              0.0               0.0               1.0        0.0        0.0        0.0        1.0
1  21159171.0  1726.0   4.0  2011.0    4.0  29.0    3.63   6.622922e+18  21234.0  5411.0   8.0     46.0               0.0               0.0               0.0               0.0               0.0               1.0               0.0         0.0         1.0              0.0              0.0              0.0              0.0              0.0              0.0              0.0              0.0              0.0              0.0               1.0               0.0        0.0        0.0        0.0        1.0
2  23165751.0  1893.0   1.0  2011.0   11.0  30.0   26.55   4.610764e+18  23015.0  4121.0  10.0      9.0               0.0               0.0               0.0               0.0               0.0               1.0               1.0         0.0         1.0              0.0              0.0              0.0              0.0              0.0              0.0              0.0              0.0              0.0              0.0               1.0               1.0        0.0        0.0        0.0        1.0
3   8440291.0   724.0   0.0  2012.0    1.0  16.0    7.36   2.027554e+18  38103.0  5541.0  19.0     20.0               0.0               0.0               0.0               0.0               1.0               0.0               0.0         0.0         1.0              0.0              0.0              0.0              0.0              0.0              0.0              0.0              0.0              0.0              1.0               0.0               0.0        0.0        0.0        0.0        1.0
4   5906885.0   494.0   3.0  2014.0    9.0  26.0   18.29  -6.791116e+18  25401.0  5912.0  14.0      4.0               0.0               0.0               0.0               0.0               1.0               0.0               1.0         0.0         1.0              0.0              0.0              0.0              0.0              0.0              0.0              0.0              0.0              0.0              1.0               0.0               1.0        0.0        0.0        0.0        1.0
[ 2023-05-31 20:39:52,677 ] 134 root - INFO - Test transformed dataframe head : 
    Unnamed: 0    User  Card    Year  Month   Day  Amount  Merchant Name      Zip     MCC  Hour  Minutes  Merchant State_0  Merchant State_1  Merchant State_2  Merchant State_3  Merchant State_4  Merchant State_5  Merchant State_6  Use Chip_0  Use Chip_1  Merchant City_0  Merchant City_1  Merchant City_2  Merchant City_3  Merchant City_4  Merchant City_5  Merchant City_6  Merchant City_7  Merchant City_8  Merchant City_9  Merchant City_10  Merchant City_11  Errors?_0  Errors?_1  Errors?_2  Errors?_3
0    276602.0    19.0   3.0  2014.0    5.0  19.0   79.31   4.722913e+18  85711.0  5411.0  10.0     28.0               0.0               0.0               0.0               0.0               0.0               0.0               1.0         0.0         1.0              0.0              0.0              0.0              0.0              0.0              0.0              0.0              0.0              0.0              0.0               0.0               1.0        0.0        0.0        0.0        1.0
1  16904515.0  1374.0   0.0  2015.0   11.0  27.0   27.47  -8.813771e+18  85083.0  7542.0  20.0     45.0               0.0               0.0               0.0               0.0               0.0               0.0               1.0         1.0         0.0              0.0              0.0              0.0              0.0              0.0              0.0              0.0              0.0              0.0              0.0               1.0               0.0        0.0        0.0        1.0        0.0
2   6831681.0   574.0   0.0  2017.0    9.0  24.0   36.91  -2.088492e+18      0.0  4784.0  13.0     27.0               0.0               0.0               0.0               0.0               0.0               1.0               0.0         1.0         1.0              0.0              0.0              0.0              0.0              0.0              0.0              0.0              0.0              0.0              0.0               1.0               1.0        0.0        0.0        1.0        0.0
3  24304662.0  1992.0   0.0  2015.0    8.0  22.0   10.84  -3.395539e+18  93620.0  5311.0  15.0     12.0               0.0               0.0               0.0               0.0               0.0               1.0               1.0         1.0         0.0              0.0              0.0              0.0              0.0              0.0              0.0              0.0              0.0              0.0              1.0               0.0               0.0        0.0        0.0        0.0        1.0
4   2399231.0   194.0   2.0  2015.0    8.0   5.0    7.24  -3.884339e+18  37221.0  5921.0  19.0     59.0               0.0               0.0               0.0               0.0               1.0               0.0               0.0         0.0         1.0              0.0              0.0              0.0              0.0              0.0              0.0              0.0              0.0              0.0              1.0               0.0               1.0        0.0        0.0        1.0        0.0
[ 2023-05-31 20:39:52,680 ] 30 root - INFO - Starting model training
[ 2023-05-31 20:39:53,411 ] 40 root - INFO - Model is being trained
[ 2023-05-31 20:39:53,427 ] 44 root - INFO - Predicting the values
[ 2023-05-31 20:39:56,232 ] 40 root - INFO - Model is being trained
[ 2023-05-31 20:39:56,248 ] 44 root - INFO - Predicting the values
[ 2023-05-31 20:39:56,289 ] 60 root - INFO - Model report : {'XGBoost': '              precision    recall  f1-score   support\n\n         0.0       1.00      1.00      1.00     29956\n         1.0       0.23      0.11      0.15        44\n\n    accuracy                           1.00     30000\n   macro avg       0.61      0.56      0.58     30000\nweighted avg       1.00      1.00      1.00     30000\n', 'CATBoost': '              precision    recall  f1-score   support\n\n         0.0       1.00      0.96      0.98     29956\n         1.0       0.01      0.23      0.02        44\n\n    accuracy                           0.96     30000\n   macro avg       0.50      0.60      0.50     30000\nweighted avg       1.00      0.96      0.98     30000\n'}
